[INFO][2019/03/17 11:49] YutaFarmingスクリプトを開始しました。 
[INFO][2019/03/17 11:51] YutaFarmingスクリプトを開始しました。 
[INFO][2019/03/17 11:51] YutaFarmingスクリプトを開始しました。 
[INFO][2019/03/17 11:54] YutaFarmingスクリプトを開始しました。 
[INFO][2019/03/17 11:55] YutaFarmingスクリプトを開始しました。 
[INFO][2019/03/18 20:01] YutaFarmingスクリプトを開始しました。 
[INFO][2019/03/18 20:03] YutaFarmingスクリプトを開始しました。 
[INFO][2019/03/18 20:10] YutaFarmingスクリプトを開始しました。 
[INFO][2019/03/20 01:39] YutaFarmingスクリプトを開始しました。 
[INFO][2019/03/20 01:40] YutaFarmingスクリプトを開始しました。 
[INFO][2019/11/13 00:14] SellFamiliarスクリプトを開始しました。 
[INFO][2019/11/13 00:14] SellFamiliarスクリプトを開始しました。 
[INFO][2019/11/13 00:15] SellFamiliarスクリプトを開始しました。 
[INFO][2019/11/13 00:16] SellFamiliarスクリプトを開始しました。 
[INFO][2019/11/13 00:16] SellFamiliarスクリプトを開始しました。 
[INFO][2019/11/13 00:20] SellFamiliarスクリプトを開始しました。 
[INFO][2019/11/13 00:20] SellFamiliarスクリプトを開始しました。 
[INFO][2019/11/13 00:20] SellFamiliarスクリプトを開始しました。 
[INFO][2019/11/13 00:22] SellFamiliarスクリプトを開始しました。 
[INFO][2019/11/13 07:38] SellFamiliarスクリプトを開始しました。 
[INFO][2019/11/13 07:41] SellFamiliarスクリプトを開始しました。 
[INFO][2019/11/13 07:46] SellFamiliarスクリプトを開始しました。 
[INFO][2019/11/14 01:11] SellFamiliarスクリプトを開始しました。 
[INFO][2019/11/14 07:22] SellFamiliarスクリプトを開始しました。 
[INFO][2019/11/14 07:28] SellFamiliarスクリプトを開始しました。 
[INFO][2019/11/14 07:54] SellFamiliarスクリプトを開始しました。 
[INFO][2019/11/15 00:40] SellFamiliarスクリプトを開始しました。 
[INFO][2019/11/15 07:42] SellFamiliarスクリプトを開始しました。 
[INFO][2019/11/15 22:18] SellFamiliarスクリプトを開始しました。 
[INFO][2019/11/15 22:22] SellFamiliarスクリプトを開始しました。 
[INFO][2019/11/17 23:18] SellFamiliarスクリプトを開始しました。 
[INFO][2019/11/17 23:20] SellFamiliarスクリプトを開始しました。 
[INFO][2019/11/17 23:20] SellFamiliarスクリプトを開始しました。 
[INFO][2019/11/17 23:20] SellFamiliarスクリプトを開始しました。 
[INFO][2019/11/17 23:21] SellFamiliarスクリプトを開始しました。 
[INFO][2019/11/17 23:22] SellFamiliarスクリプトを開始しました。 
[INFO][2019/11/17 23:23] SellFamiliarスクリプトを開始しました。 
[INFO][2019/11/17 23:25] SellFamiliarスクリプトを開始しました。 
[INFO][2019/11/18 07:39] SellFamiliarスクリプトを開始しました。 
[INFO][2019/11/19 00:09] SellFamiliarスクリプトを開始しました。 
[INFO][2019/11/19 00:15] SellFamiliarスクリプトを開始しました。 
[INFO][2019/11/19 00:17] SellFamiliarスクリプトを開始しました。 
[INFO][2019/11/19 00:22] SellFamiliarスクリプトを開始しました。 
[INFO][2019/11/19 07:32] SellFamiliarスクリプトを開始しました。 
[INFO][2019/11/19 07:46] SellFamiliarスクリプトを開始しました。 
[INFO][2019/11/19 21:54] SellFamiliarスクリプトを開始しました。 
[INFO][2019/11/19 21:56] SellFamiliarスクリプトを開始しました。 
[INFO][2019/11/20 00:11] SellFamiliarスクリプトを開始しました。 
[INFO][2019/11/20 00:12] SellFamiliarスクリプトを開始しました。 
[INFO][2019/11/20 00:17] SellFamiliarスクリプトを開始しました。 
[INFO][2019/11/20 07:41] SellFamiliarスクリプトを開始しました。 
[INFO][2019/11/22 01:29] SellFamiliarスクリプトを開始しました。 
[INFO][2019/11/22 01:34] SellFamiliarスクリプトを開始しました。 
[INFO][2019/11/22 14:03] SellFamiliarスクリプトを開始しました。 
[INFO][2019/11/25 13:26] SellFamiliarスクリプトを開始しました。 
[INFO][2019/11/28 22:46] SellFamiliarスクリプトを開始しました。 
[INFO][2019/11/28 22:46] SellFamiliarスクリプトを開始しました。 
[INFO][2019/11/28 23:01] SellFamiliarスクリプトを開始しました。 
[INFO][2019/11/28 23:01] SellFamiliarスクリプトを開始しました。 
[INFO][2019/11/30 19:54] SellFamiliarスクリプトを開始しました。 
[INFO][2019/11/30 19:55] SellFamiliarスクリプトを開始しました。 
[INFO][2019/11/30 23:58] SellTraceスクリプトを開始しました。 
[INFO][2019/12/01 00:00] SellTraceスクリプトを開始しました。 
[INFO][2019/12/01 00:05] SellTraceスクリプトを開始しました。 
[INFO][2019/12/01 00:06] SellTraceスクリプトを開始しました。 
[INFO][2019/12/01 00:07] SellTraceスクリプトを開始しました。 
[INFO][2019/12/01 00:07] SellTraceスクリプトを開始しました。 
[INFO][2019/12/01 00:10] SellTraceスクリプトを開始しました。 
[INFO][2019/12/01 00:14] SellTraceスクリプトを開始しました。 
[INFO][2019/12/01 00:19] SellTraceスクリプトを開始しました。 
[INFO][2019/12/01 00:19] SellTraceスクリプトを開始しました。 
[INFO][2019/12/01 00:20] SellTraceスクリプトを開始しました。 
[INFO][2019/12/02 06:58] SellFamiliarスクリプトを開始しました。 
[INFO][2019/12/02 07:03] SellFamiliarスクリプトを開始しました。 
[INFO][2019/12/02 20:18] SellFamiliarスクリプトを開始しました。 
[INFO][2019/12/03 06:56] SellFamiliarスクリプトを開始しました。 
[INFO][2019/12/03 07:06] SellFamiliarスクリプトを開始しました。 
[INFO][2019/12/03 07:09] SellFamiliarスクリプトを開始しました。 
[INFO][2019/12/03 18:19] SellFamiliarスクリプトを開始しました。 
[INFO][2019/12/03 22:48] SellFamiliarスクリプトを開始しました。 
[INFO][2019/12/03 23:29] SellFamiliarスクリプトを開始しました。 
[INFO][2019/12/04 07:03] SellFamiliarスクリプトを開始しました。 
[INFO][2019/12/04 21:21] SellFamiliarスクリプトを開始しました。 
[INFO][2019/12/05 22:37] SellFamiliarスクリプトを開始しました。 
[INFO][2019/12/07 00:13] SellFamiliarスクリプトを開始しました。 
[INFO][2019/12/07 00:17] SellFamiliarスクリプトを開始しました。 
[INFO][2019/12/07 21:40] SellFamiliarスクリプトを開始しました。 
[INFO][2019/12/08 22:10] SellTraceスクリプトを開始しました。 
[INFO][2019/12/08 22:46] SellFamiliarスクリプトを開始しました。 
[INFO][2019/12/09 06:36] SellFamiliarスクリプトを開始しました。 
[INFO][2019/12/10 06:48] SellFamiliarスクリプトを開始しました。 
[INFO][2019/12/10 22:13] SellTraceスクリプトを開始しました。 
[INFO][2019/12/10 22:16] SellFamiliarスクリプトを開始しました。 
[INFO][2019/12/11 23:01] SellFamiliarスクリプトを開始しました。 
[INFO][2019/12/12 06:34] SellFamiliarスクリプトを開始しました。 
[INFO][2019/12/12 20:24] SellFamiliarスクリプトを開始しました。 
[INFO][2019/12/12 21:42] SellFamiliarスクリプトを開始しました。 
[INFO][2019/12/12 21:55] SellFamiliarスクリプトを開始しました。 
[INFO][2019/12/13 20:53] SellFamiliarスクリプトを開始しました。 
[INFO][2019/12/13 21:26] SellFamiliarスクリプトを開始しました。 
[INFO][2019/12/13 21:27] SellFamiliarALLスクリプトを開始しました。 
[INFO][2019/12/13 21:27] SellFamiliarALLスクリプトを開始しました。 
[INFO][2019/12/13 22:12] SellFamiliarALLスクリプトを開始しました。 
[INFO][2019/12/14 00:26] SellFamiliarALLスクリプトを開始しました。 
[INFO][2019/12/14 15:21] SellFamiliarALLスクリプトを開始しました。 
[INFO][2019/12/14 15:21] SellFamiliarスクリプトを開始しました。 
[INFO][2019/12/17 06:39] SellFamiliarスクリプトを開始しました。 
[INFO][2019/12/19 06:33] SellFamiliarスクリプトを開始しました。 
[INFO][2019/12/20 06:50] SellFamiliarスクリプトを開始しました。 
[INFO][2019/12/21 00:07] SellFamiliarスクリプトを開始しました。 
[INFO][2019/12/21 00:13] SellFamiliarスクリプトを開始しました。 
[INFO][2019/12/21 19:32] SellTraceスクリプトを開始しました。 
[INFO][2019/12/21 22:47] SellTraceスクリプトを開始しました。 
[INFO][2019/12/22 22:58] SellFamiliarスクリプトを開始しました。 
[INFO][2019/12/25 18:26] SellEquipmentスクリプトを開始しました。 
[INFO][2019/12/25 21:54] SellFamiliarスクリプトを開始しました。 
[INFO][2019/12/25 21:55] SellFamiliarスクリプトを開始しました。 
[INFO][2019/12/26 08:01] SellFamiliarスクリプトを開始しました。 
[INFO][2019/12/26 20:36] SellEquipmentスクリプトを開始しました。 
[INFO][2019/12/27 06:43] SellFamiliarスクリプトを開始しました。 
[INFO][2019/12/28 00:23] SellEquipmentスクリプトを開始しました。 
[INFO][2019/12/28 00:25] SellEquipmentスクリプトを開始しました。 
[INFO][2019/12/28 13:13] SellEquipmentスクリプトを開始しました。 
[INFO][2019/12/28 14:17] SellEquipmentスクリプトを開始しました。 
[INFO][2019/12/28 18:16] SellEquipmentスクリプトを開始しました。 
[INFO][2019/12/29 08:46] SellTraceスクリプトを開始しました。 
[INFO][2019/12/29 09:35] SellEquipmentスクリプトを開始しました。 
[INFO][2019/12/29 09:36] SellTraceスクリプトを開始しました。 
[INFO][2019/12/29 09:37] SellTraceスクリプトを開始しました。 
[INFO][2019/12/29 18:41] SellEquipmentスクリプトを開始しました。 
[INFO][2019/12/30 08:31] SellEquipmentスクリプトを開始しました。 
[INFO][2019/12/30 12:28] SellEquipmentスクリプトを開始しました。 
[INFO][2019/12/30 13:48] SellEquipmentスクリプトを開始しました。 
