[INFO][2019/10/31 00:05] ルーンへコマンドを入力しました。 
[INFO][2019/10/31 00:05] ルーン解析開始時間：05分10秒558ミリ秒 
[INFO][2019/10/31 00:05] ルーン解析終了時間：05分12秒588ミリ秒 
[INFO][2019/10/31 00:15] ルーンのコマンド解析に失敗しました 
[INFO][2019/10/31 00:15] ルーンの再解析を行います 
[INFO][2019/10/31 00:16] ルーンのコマンド解析に失敗しました 
[INFO][2019/10/31 00:16] ルーンの再解析を行います 
[INFO][2019/10/31 00:17] ルーンのコマンド解析に失敗しました 
[INFO][2019/10/31 00:17] 範囲が検出できていないためルーン解析を終了します 
[INFO][2019/10/31 00:18] ルーンのコマンド解析に失敗しました 
[INFO][2019/10/31 00:18] 範囲が検出できていないためルーン解析を終了します 
[INFO][2019/10/31 00:19] ルーンのコマンド解析に失敗しました 
[INFO][2019/10/31 00:19] ルーンの再解析を行います 
[INFO][2019/10/31 00:20] ルーンのコマンド解析に失敗しました 
[INFO][2019/10/31 00:20] ルーンの再解析を行います 
[INFO][2019/10/31 00:20] ルーンのコマンド解析に失敗しました 
[INFO][2019/10/31 00:20] ルーンの再解析を行います 
[INFO][2019/10/31 00:22] ルーンのコマンド解析に失敗しました 
[INFO][2019/10/31 00:22] ルーンの再解析を行います 
[INFO][2019/10/31 00:22] ルーンのコマンド解析に失敗しました 
[INFO][2019/10/31 00:22] ルーンの再解析を行います 
[INFO][2019/10/31 00:23] ルーンのコマンド解析に失敗しました 
[INFO][2019/10/31 00:23] ルーンの再解析を行います 
[INFO][2019/10/31 00:25] ルーンのコマンド解析に失敗しました 
[INFO][2019/10/31 00:25] ルーンの再解析を行います 
[INFO][2019/10/31 00:27] ルーンのコマンド解析に失敗しました 
[INFO][2019/10/31 00:27] ルーンの再解析を行います 
[INFO][2019/10/31 00:27] ルーンのコマンド解析に失敗しました 
[INFO][2019/10/31 00:27] ルーンの再解析を行います 
[INFO][2019/10/31 00:27] ルーンのコマンド解析に失敗しました 
[INFO][2019/10/31 00:27] ルーンの再解析を行います 
[INFO][2019/10/31 00:27] ルーンのコマンド解析に失敗しました 
[INFO][2019/10/31 00:27] ルーンの再解析を行います 
[INFO][2019/10/31 00:27] ルーンの解析回数が最大リトライ回数3回に達しました 
[INFO][2019/10/31 00:29] ルーンのコマンド解析に失敗しました 
[INFO][2019/10/31 00:29] ルーンの再解析を行います 
[INFO][2019/10/31 00:29] ルーンのコマンド解析に失敗しました 
[INFO][2019/10/31 00:29] ルーンの再解析を行います 
[INFO][2019/10/31 00:29] ルーンのコマンド解析に失敗しました 
[INFO][2019/10/31 00:29] ルーンの再解析を行います 
[INFO][2019/10/31 00:29] ルーンの解析回数が最大リトライ回数3回に達しました 
[INFO][2019/10/31 00:29] ルーンのコマンド解析に失敗しました 
[INFO][2019/10/31 00:29] ルーンの再解析を行います 
[INFO][2019/10/31 00:29] ルーンのコマンド解析に失敗しました 
[INFO][2019/10/31 00:29] ルーンの再解析を行います 
[INFO][2019/10/31 00:29] ルーンのコマンド解析に失敗しました 
[INFO][2019/10/31 00:29] ルーンの再解析を行います 
[INFO][2019/10/31 00:29] ルーンの解析回数が最大リトライ回数3回に達しました 
[INFO][2019/10/31 00:34] ルーンのコマンド解析に失敗しました 
[INFO][2019/10/31 00:34] ルーンの再解析を行います 
[INFO][2019/10/31 00:34] ルーンのコマンド解析に失敗しました 
[INFO][2019/10/31 00:35] ルーンの再解析を行います 
[INFO][2019/10/31 00:35] ルーンのコマンド解析に失敗しました 
[INFO][2019/10/31 00:35] ルーンの再解析を行います 
[INFO][2019/10/31 00:35] ルーンの解析回数が最大リトライ回数3回に達しました 
[INFO][2019/10/31 00:40] ルーンのコマンド解析に失敗しました 
[INFO][2019/10/31 00:40] ルーンの再解析を行います 
[INFO][2019/10/31 00:40] ルーンのコマンド解析に失敗しました 
[INFO][2019/10/31 00:40] ルーンの再解析を行います 
[INFO][2019/10/31 00:40] ルーンのコマンド解析に失敗しました 
[INFO][2019/10/31 00:40] ルーンの再解析を行います 
[INFO][2019/10/31 00:40] ルーンの解析回数が最大リトライ回数3回に達しました 
[INFO][2019/10/31 00:44] ルーンへコマンドを入力しました。 
[INFO][2019/10/31 00:44] ルーン解析開始時間：44分41秒090ミリ秒 
[INFO][2019/10/31 00:44] ルーン解析終了時間：44分43秒019ミリ秒 
[INFO][2019/10/31 00:46] ルーンのコマンド解析に失敗しました 
[INFO][2019/10/31 00:46] 範囲が検出できていないためルーン解析を終了します 
[INFO][2019/10/31 00:46] ルーンへコマンドを入力しました。 
[INFO][2019/10/31 00:46] ルーン解析開始時間：46分45秒226ミリ秒 
[INFO][2019/10/31 00:46] ルーン解析終了時間：46分50秒680ミリ秒 
[INFO][2019/10/31 00:50] ルーンへコマンドを入力しました。 
[INFO][2019/10/31 00:50] ルーン解析開始時間：50分18秒646ミリ秒 
[INFO][2019/10/31 00:50] ルーン解析終了時間：50分20秒180ミリ秒 
[INFO][2019/10/31 00:51] ルーンへコマンドを入力しました。 
[INFO][2019/10/31 00:51] ルーン解析開始時間：51分07秒834ミリ秒 
[INFO][2019/10/31 00:51] ルーン解析終了時間：51分11秒848ミリ秒 
[INFO][2019/10/31 00:51] ルーンへコマンドを入力しました。 
[INFO][2019/10/31 00:51] ルーン解析開始時間：51分31秒069ミリ秒 
[INFO][2019/10/31 00:51] ルーン解析終了時間：51分32秒661ミリ秒 
[INFO][2019/10/31 00:52] ルーンへコマンドを入力しました。 
[INFO][2019/10/31 00:52] ルーン解析開始時間：52分17秒553ミリ秒 
[INFO][2019/10/31 00:52] ルーン解析終了時間：52分19秒111ミリ秒 
[INFO][2019/10/31 00:57] ルーンのコマンド解析に失敗しました 
[INFO][2019/10/31 00:57] ルーンの再解析を行います 
[INFO][2019/10/31 00:57] ルーンのコマンド解析に失敗しました 
[INFO][2019/10/31 00:57] ルーンの再解析を行います 
[INFO][2019/10/31 00:57] ルーンのコマンド解析に失敗しました 
[INFO][2019/10/31 00:57] ルーンの再解析を行います 
[INFO][2019/10/31 00:57] ルーンの解析回数が最大リトライ回数3回に達しました 
[INFO][2019/10/31 00:59] ルーンへコマンドを入力しました。 
[INFO][2019/10/31 00:59] ルーン解析開始時間：59分45秒164ミリ秒 
[INFO][2019/10/31 00:59] ルーン解析終了時間：59分47秒149ミリ秒 
[INFO][2019/10/31 01:00] ルーンへコマンドを入力しました。 
[INFO][2019/10/31 01:00] ルーン解析開始時間：00分20秒454ミリ秒 
[INFO][2019/10/31 01:00] ルーン解析終了時間：00分22秒035ミリ秒 
[INFO][2019/10/31 01:00] ルーンへコマンドを入力しました。 
[INFO][2019/10/31 01:00] ルーン解析開始時間：00分40秒837ミリ秒 
[INFO][2019/10/31 01:00] ルーン解析終了時間：00分42秒405ミリ秒 
[INFO][2019/10/31 01:09] ルーンのコマンド解析に失敗しました 
[INFO][2019/10/31 01:09] ルーンの再解析を行います 
[INFO][2019/10/31 01:09] ルーンのコマンド解析に失敗しました 
[INFO][2019/10/31 01:09] ルーンの再解析を行います 
[INFO][2019/10/31 01:09] ルーンのコマンド解析に失敗しました 
[INFO][2019/10/31 01:09] ルーンの再解析を行います 
[INFO][2019/10/31 01:09] ルーンの解析回数が最大リトライ回数3回に達しました 
[INFO][2019/10/31 01:10] ルーンへコマンドを入力しました。 
[INFO][2019/10/31 01:10] ルーン解析開始時間：10分26秒632ミリ秒 
[INFO][2019/10/31 01:10] ルーン解析終了時間：10分32秒756ミリ秒 
[WARN][2019/10/31 01:11] 検出数が8個を超過しました。解析を終了します。 
[INFO][2019/10/31 01:13] ルーンへコマンドを入力しました。 
[INFO][2019/10/31 01:13] ルーン解析開始時間：13分03秒448ミリ秒 
[INFO][2019/10/31 01:13] ルーン解析終了時間：13分05秒791ミリ秒 
[INFO][2019/10/31 01:13] ルーンへコマンドを入力しました。 
[INFO][2019/10/31 01:13] ルーン解析開始時間：13分19秒554ミリ秒 
[INFO][2019/10/31 01:13] ルーン解析終了時間：13分22秒288ミリ秒 
[INFO][2019/10/31 01:13] ルーンへコマンドを入力しました。 
[INFO][2019/10/31 01:13] ルーン解析開始時間：13分43秒006ミリ秒 
[INFO][2019/10/31 01:13] ルーン解析終了時間：13分45秒307ミリ秒 
[INFO][2019/10/31 01:14] ルーンへコマンドを入力しました。 
[INFO][2019/10/31 01:14] ルーン解析開始時間：14分04秒898ミリ秒 
[INFO][2019/10/31 01:14] ルーン解析終了時間：14分07秒589ミリ秒 
[INFO][2019/10/31 01:14] ルーンのコマンド解析に失敗しました 
[INFO][2019/10/31 01:14] ルーンの再解析を行います 
[INFO][2019/10/31 01:14] ルーンのコマンド解析に失敗しました 
[INFO][2019/10/31 01:14] ルーンの再解析を行います 
[INFO][2019/10/31 01:14] ルーンのコマンド解析に失敗しました 
[INFO][2019/10/31 01:14] ルーンの再解析を行います 
[INFO][2019/10/31 01:14] ルーンの解析回数が最大リトライ回数3回に達しました 
[WARN][2019/10/31 07:27] 検出数が8個を超過しました。解析を終了します。 
