[INFO][2019/07/24 23:34] TheWayOfStreetLightsスクリプトを開始しました。 
[INFO][2019/07/24 23:34] TheWayOfStreetLightsスクリプトを開始しました。 
[WARN][2019/07/24 23:38] 緑点を発見しました。スクリプトを終了します。 
[INFO][2019/07/25 20:41] 神殿入り口スクリプトを開始しました。 
[WARN][2019/07/25 20:41] 緑点を発見しました。スクリプトを終了します。 
[INFO][2019/07/25 20:41] 神殿入り口スクリプトを開始しました。 
[WARN][2019/07/25 20:41] 緑点を発見しました。スクリプトを終了します。 
[INFO][2019/07/25 20:42] 神殿入り口スクリプトを開始しました。 
[WARN][2019/07/25 20:42] 緑点を発見しました。スクリプトを終了します。 
[INFO][2019/07/25 20:42] 神殿入り口スクリプトを開始しました。 
[WARN][2019/07/25 20:43] 「ご返答」を検出しました。 
[INFO][2019/07/25 20:43] チャット欄を初期化します。 
[WARN][2019/07/25 20:43] ハート拡声器を検出しました。 
[INFO][2019/07/25 20:45] 神殿入り口スクリプトを開始しました。 
[INFO][2019/07/25 20:46] 神殿入り口スクリプトを開始しました。 
[INFO][2019/07/25 20:52] 神殿入り口スクリプトを開始しました。 
[WARN][2019/07/25 20:53] 「ご返答」を検出しました。 
[INFO][2019/07/25 20:53] チャット欄を初期化します。 
[WARN][2019/07/25 20:54] ハート拡声器を検出しました。 
[INFO][2019/07/25 20:57] ペットの餌を使用しました。 
[INFO][2019/07/25 21:08] 神殿入り口スクリプトを開始しました。 
[INFO][2019/07/25 21:11] 神殿入り口スクリプトを開始しました。 
[INFO][2019/07/25 21:12] 神殿入り口スクリプトを開始しました。 
[INFO][2019/07/25 21:17] ペットの餌を使用しました。 
[WARN][2019/07/25 21:21] 「ご返答」を検出しました。 
[INFO][2019/07/25 21:21] チャット欄を初期化します。 
[WARN][2019/07/25 21:22] ハート拡声器を検出しました。 
[INFO][2019/07/25 21:24] 神殿入り口スクリプトを開始しました。 
[WARN][2019/07/25 21:26] 「ご返答」を検出しました。 
[INFO][2019/07/25 21:26] チャット欄を初期化します。 
[WARN][2019/07/25 21:26] ハート拡声器を検出しました。 
[INFO][2019/07/25 21:29] ペットの餌を使用しました。 
[INFO][2019/07/25 21:34] DesertToSleepスクリプトを開始しました。 
[INFO][2019/07/25 21:44] DesertToSleepスクリプトを開始しました。 
[INFO][2019/07/25 21:49] ペットの餌を使用しました。 
[WARN][2019/07/25 21:49] 「ご返答」を検出しました。 
[INFO][2019/07/25 21:49] チャット欄を初期化します。 
[WARN][2019/07/25 21:49] ハート拡声器を検出しました。 
[INFO][2019/07/25 21:58] DesertToSleepスクリプトを開始しました。 
[INFO][2019/07/25 21:58] DesertToSleepスクリプトを開始しました。 
[INFO][2019/07/25 22:03] ペットの餌を使用しました。 
[INFO][2019/07/25 22:08] DesertToSleepスクリプトを開始しました。 
[INFO][2019/07/25 22:08] DesertToSleepスクリプトを開始しました。 
[INFO][2019/07/25 22:10] DesertToSleepスクリプトを開始しました。 
[WARN][2019/07/25 22:13] 「ご返答」を検出しました。 
[INFO][2019/07/25 22:13] チャット欄を初期化します。 
[WARN][2019/07/25 22:13] ハート拡声器を検出しました。 
[INFO][2019/07/25 22:16] ペットの餌を使用しました。 
[WARN][2019/07/25 22:18] 「ご返答」を検出しました。 
[INFO][2019/07/25 22:18] 赤点を確認できませんでした。 
[INFO][2019/07/25 22:18] チャット欄を初期化します。 
[INFO][2019/07/25 22:28] DesertToSleepスクリプトを開始しました。 
[INFO][2019/07/25 22:31] DesertToSleepスクリプトを開始しました。 
[INFO][2019/07/25 22:36] ペットの餌を使用しました。 
[INFO][2019/07/25 22:39] DesertToSleepスクリプトを開始しました。 
[INFO][2019/07/25 22:40] DesertToSleepスクリプトを開始しました。 
[INFO][2019/07/26 23:51] トラの森2スクリプトを開始しました。 
[INFO][2019/07/26 23:53] トラの森2スクリプトを開始しました。 
[INFO][2019/07/26 23:55] トラの森2スクリプトを開始しました。 
[INFO][2019/07/27 00:00] ペットの餌を使用しました。 
[INFO][2019/07/27 00:12] トラの森2スクリプトを開始しました。 
[INFO][2019/07/27 00:12] トラの森2スクリプトを開始しました。 
[INFO][2019/07/27 00:14] トラの森2スクリプトを開始しました。 
[INFO][2019/07/27 00:19] ペットの餌を使用しました。 
[INFO][2019/07/27 00:20] トラの森2スクリプトを開始しました。 
[INFO][2019/07/27 00:25] ペットの餌を使用しました。 
[INFO][2019/07/27 00:30] トラの森2スクリプトを開始しました。 
[INFO][2019/07/27 00:33] トラの森2スクリプトを開始しました。 
[INFO][2019/07/27 00:38] ペットの餌を使用しました。 
[INFO][2019/07/27 00:48] トラの森2スクリプトを開始しました。 
[INFO][2019/07/27 00:49] トラの森2スクリプトを開始しました。 
[INFO][2019/07/27 00:55] ペットの餌を使用しました。 
[INFO][2019/07/27 01:07] トラの森2スクリプトを開始しました。 
[INFO][2019/07/27 01:13] ペットの餌を使用しました。 
[INFO][2019/07/27 01:25] トラの森2スクリプトを開始しました。 
[INFO][2019/07/27 01:31] ペットの餌を使用しました。 
[INFO][2019/07/27 02:35] 固定砲台_火狸金融スクリプトを開始しました。 
[INFO][2019/07/27 02:37] 固定砲台_火狸金融スクリプトを開始しました。 
[INFO][2019/07/27 02:38] 固定砲台_火狸金融スクリプトを開始しました。 
[INFO][2019/07/27 02:39] 固定砲台_火狸金融スクリプトを開始しました。 
[INFO][2019/07/27 02:39] 固定砲台_火狸金融スクリプトを開始しました。 
[INFO][2019/07/27 02:40] 固定砲台_火狸金融スクリプトを開始しました。 
[INFO][2019/07/27 02:41] 固定砲台_火狸金融スクリプトを開始しました。 
[INFO][2019/07/27 02:47] ペットの餌を使用しました。 
[INFO][2019/07/27 02:48] 固定砲台_火狸金融スクリプトを開始しました。 
[INFO][2019/07/27 02:51] 固定砲台_火狸金融スクリプトを開始しました。 
[INFO][2019/07/27 02:52] ルーンを発見しました。 
[INFO][2019/07/27 02:52] ルーンを発見しました。 
[INFO][2019/07/27 02:52] ルーンを発見しました。 
[INFO][2019/07/27 02:52] ルーンを発見しました。 
[INFO][2019/07/27 02:52] ルーンを発見しました。 
[INFO][2019/07/27 02:52] ルーンを発見しました。 
[INFO][2019/07/27 02:52] ルーンを発見しました。 
[INFO][2019/07/27 02:53] 固定砲台_火狸金融スクリプトを開始しました。 
[INFO][2019/07/27 02:53] ルーンを発見しました。 
[INFO][2019/07/27 02:53] ルーンを発見しました。 
[INFO][2019/07/27 02:53] ルーンを発見しました。 
[INFO][2019/07/27 02:53] ルーンを発見しました。 
[INFO][2019/07/27 02:53] ルーンを発見しました。 
[INFO][2019/07/27 02:53] ルーンを発見しました。 
[INFO][2019/07/27 02:53] ルーンを発見しました。 
[INFO][2019/07/27 02:53] ルーンを発見しました。 
[INFO][2019/07/27 02:54] ルーンを発見しました。 
[INFO][2019/07/27 02:54] ルーンを発見しました。 
[INFO][2019/07/27 02:54] ルーンを発見しました。 
[INFO][2019/07/27 02:54] ルーンを発見しました。 
[INFO][2019/07/27 02:54] 固定砲台_火狸金融スクリプトを開始しました。 
[INFO][2019/07/27 02:54] ルーンを発見しました。 
[INFO][2019/07/27 02:54] 固定砲台_火狸金融スクリプトを開始しました。 
[INFO][2019/07/27 02:59] 固定砲台_火狸金融スクリプトを開始しました。 
[INFO][2019/07/27 03:00] 固定砲台_火狸金融スクリプトを開始しました。 
[WARN][2019/07/27 03:02] プレイヤーを検知しました。 
[INFO][2019/07/27 03:03] 固定砲台_火狸金融スクリプトを開始しました。 
[WARN][2019/07/27 03:03] プレイヤーを検知しました。 
[WARN][2019/07/27 03:03] プレイヤーを検知しました。 
[INFO][2019/07/27 03:05] 固定砲台_火狸金融_TKスクリプトを開始しました。 
[INFO][2019/07/27 03:10] ペットの餌を使用しました。 
[INFO][2019/07/27 03:12] 固定砲台_火狸金融_TKスクリプトを開始しました。 
[INFO][2019/07/27 03:12] ルーンを発見しました。 
[INFO][2019/07/27 03:13] 固定砲台_火狸金融_TKスクリプトを開始しました。 
[INFO][2019/07/27 03:13] ルーンを発見しました。 
[INFO][2019/07/27 03:13] ルーンのコマンド解析に失敗しました 
[INFO][2019/07/27 03:13] ルーンの再解析を行います 
[INFO][2019/07/27 03:13] ルーンのコマンド解析に失敗しました 
[INFO][2019/07/27 03:13] ルーンの再解析を行います 
[INFO][2019/07/27 03:13] ルーンのコマンド解析に失敗しました 
[INFO][2019/07/27 03:13] ルーンの再解析を行います 
[INFO][2019/07/27 03:13] ルーンの解析回数が最大リトライ回数3回に達しました 
[INFO][2019/07/27 03:13] ルーンを発見しました。 
[INFO][2019/07/27 03:13] ルーンのコマンド解析に失敗しました 
[INFO][2019/07/27 03:13] ルーンの再解析を行います 
[INFO][2019/07/27 03:13] ルーンのコマンド解析に失敗しました 
[INFO][2019/07/27 03:13] ルーンの再解析を行います 
[INFO][2019/07/27 03:13] ルーンのコマンド解析に失敗しました 
[INFO][2019/07/27 03:13] ルーンの再解析を行います 
[INFO][2019/07/27 03:13] ルーンの解析回数が最大リトライ回数3回に達しました 
[INFO][2019/07/27 03:13] ルーンを発見しました。 
[INFO][2019/07/27 03:13] ルーンへコマンドを入力しました。 
[INFO][2019/07/27 03:13] ルーン解析開始時間：13分55秒043ミリ秒 
[INFO][2019/07/27 03:13] ルーン解析終了時間：13分56秒896ミリ秒 
[INFO][2019/07/27 03:16] 火狸金融スクリプトを開始しました。 
[INFO][2019/07/27 03:17] 火狸金融スクリプトを開始しました。 
[INFO][2019/07/27 03:18] 火狸金融スクリプトを開始しました。 
[INFO][2019/07/27 03:18] 火狸金融スクリプトを開始しました。 
[INFO][2019/07/27 03:20] 固定砲台_火狸金融_TKスクリプトを開始しました。 
[INFO][2019/07/27 03:20] 火狸金融TKスクリプトを開始しました。 
[INFO][2019/07/27 03:25] ペットの餌を使用しました。 
[INFO][2019/07/27 03:33] ルーンを発見しました。 
[INFO][2019/07/27 03:33] ルーンへコマンドを入力しました。 
[INFO][2019/07/27 03:33] ルーン解析開始時間：33分29秒764ミリ秒 
[INFO][2019/07/27 03:33] ルーン解析終了時間：33分31秒631ミリ秒 
[INFO][2019/07/27 03:33] ルーンを発見しました。 
[INFO][2019/07/27 03:33] ルーンへコマンドを入力しました。 
[INFO][2019/07/27 03:33] ルーン解析開始時間：33分43秒993ミリ秒 
[INFO][2019/07/27 03:33] ルーン解析終了時間：33分45秒857ミリ秒 
[INFO][2019/07/27 03:34] ルーンを発見しました。 
[INFO][2019/07/27 03:34] ルーンへコマンドを入力しました。 
[INFO][2019/07/27 03:34] ルーン解析開始時間：34分11秒147ミリ秒 
[INFO][2019/07/27 03:34] ルーン解析終了時間：34分13秒014ミリ秒 
[INFO][2019/07/27 03:34] ルーンを発見しました。 
[INFO][2019/07/27 03:34] ルーンのコマンド解析に失敗しました 
[INFO][2019/07/27 03:34] 範囲が検出できていないためルーン解析を終了します 
[INFO][2019/07/27 03:34] ルーンを発見しました。 
[INFO][2019/07/27 03:34] ルーンへコマンドを入力しました。 
[INFO][2019/07/27 03:34] ルーン解析開始時間：34分51秒449ミリ秒 
[INFO][2019/07/27 03:34] ルーン解析終了時間：34分53秒354ミリ秒 
[INFO][2019/07/27 03:34] ルーンを発見しました。 
[INFO][2019/07/27 03:35] ルーンへコマンドを入力しました。 
[INFO][2019/07/27 03:35] ルーン解析開始時間：35分05秒380ミリ秒 
[INFO][2019/07/27 03:35] ルーン解析終了時間：35分07秒310ミリ秒 
[INFO][2019/07/27 03:35] ルーンを発見しました。 
[INFO][2019/07/27 03:35] ルーンへコマンドを入力しました。 
[INFO][2019/07/27 03:35] ルーン解析開始時間：35分27秒353ミリ秒 
[INFO][2019/07/27 03:35] ルーン解析終了時間：35分29秒238ミリ秒 
[INFO][2019/07/27 03:35] ルーンを発見しました。 
[INFO][2019/07/27 03:35] ルーンのコマンド解析に失敗しました 
[INFO][2019/07/27 03:35] ルーンの再解析を行います 
[INFO][2019/07/27 03:35] ルーンのコマンド解析に失敗しました 
[INFO][2019/07/27 03:35] ルーンの再解析を行います 
[INFO][2019/07/27 03:35] ルーンのコマンド解析に失敗しました 
[INFO][2019/07/27 03:35] ルーンの再解析を行います 
[INFO][2019/07/27 03:35] ルーンの解析回数が最大リトライ回数3回に達しました 
[INFO][2019/07/27 03:35] ルーンを発見しました。 
[INFO][2019/07/27 03:36] ルーンのコマンド解析に失敗しました 
[INFO][2019/07/27 03:36] ルーンの再解析を行います 
[INFO][2019/07/27 03:36] ルーンのコマンド解析に失敗しました 
[INFO][2019/07/27 03:36] ルーンの再解析を行います 
[INFO][2019/07/27 03:36] ルーンのコマンド解析に失敗しました 
[INFO][2019/07/27 03:36] ルーンの再解析を行います 
[INFO][2019/07/27 03:36] ルーンの解析回数が最大リトライ回数3回に達しました 
[INFO][2019/07/27 03:36] ルーンを発見しました。 
[INFO][2019/07/27 03:36] ルーンのコマンド解析に失敗しました 
[INFO][2019/07/27 03:36] 範囲が検出できていないためルーン解析を終了します 
[INFO][2019/07/27 03:36] 火狸金融TKスクリプトを開始しました。 
[INFO][2019/07/27 03:36] ルーンを発見しました。 
[INFO][2019/07/27 03:37] ルーンへコマンドを入力しました。 
[INFO][2019/07/27 03:37] ルーン解析開始時間：36分59秒849ミリ秒 
[INFO][2019/07/27 03:37] ルーン解析終了時間：37分01秒724ミリ秒 
[INFO][2019/07/27 03:37] ルーンを発見しました。 
[INFO][2019/07/27 03:37] ルーンのコマンド解析に失敗しました 
[INFO][2019/07/27 03:37] ルーンの再解析を行います 
[INFO][2019/07/27 03:37] ルーンのコマンド解析に失敗しました 
[INFO][2019/07/27 03:37] ルーンの再解析を行います 
[INFO][2019/07/27 03:37] ルーンのコマンド解析に失敗しました 
[INFO][2019/07/27 03:37] ルーンの再解析を行います 
[INFO][2019/07/27 03:37] ルーンの解析回数が最大リトライ回数3回に達しました 
[INFO][2019/07/27 08:59] 火狸金融スクリプトを開始しました。 
[INFO][2019/07/27 08:59] 火狸金融スクリプトを開始しました。 
[INFO][2019/07/27 09:02] 火狸金融スクリプトを開始しました。 
[INFO][2019/07/27 09:02] 火狸金融スクリプトを開始しました。 
[INFO][2019/07/27 09:03] 火狸金融スクリプトを開始しました。 
[INFO][2019/07/27 09:06] ルーンを発見しました。 
[INFO][2019/07/27 09:07] ルーンのコマンド解析に失敗しました 
[INFO][2019/07/27 09:07] 範囲が検出できていないためルーン解析を終了します 
[INFO][2019/07/27 09:07] 火狸金融スクリプトを開始しました。 
[INFO][2019/07/27 09:12] ペットの餌を使用しました。 
[WARN][2019/07/27 09:13] 緑点を発見しました。スクリプトを終了します。 
[INFO][2019/07/27 09:14] 火狸金融スクリプトを開始しました。 
[INFO][2019/07/27 09:20] ペットの餌を使用しました。 
[INFO][2019/07/27 09:21] 火狸金融スクリプトを開始しました。 
[INFO][2019/07/27 09:26] 固定砲台_火狸金融スクリプトを開始しました。 
[INFO][2019/07/27 09:28] 固定砲台_火狸金融スクリプトを開始しました。 
[INFO][2019/08/03 10:51] GladeOfTheTombOfOpportunityスクリプトを開始しました。 
[INFO][2019/08/03 11:01] GladeOfTheTombOfOpportunityスクリプトを開始しました。 
[INFO][2019/08/03 11:01] GladeOfTheTombOfOpportunityスクリプトを開始しました。 
[INFO][2019/08/03 11:04] GladeOfTheTombOfOpportunityスクリプトを開始しました。 
[INFO][2019/08/03 11:05] GladeOfTheTombOfOpportunityスクリプトを開始しました。 
[INFO][2019/08/03 11:05] GladeOfTheTombOfOpportunityスクリプトを開始しました。 
[INFO][2019/08/03 11:06] GladeOfTheTombOfOpportunityスクリプトを開始しました。 
[INFO][2019/08/03 11:07] ルーンを発見しました。 
[INFO][2019/08/03 11:08] ルーンのコマンド解析に失敗しました 
[INFO][2019/08/03 11:08] ルーンの再解析を行います 
[INFO][2019/08/03 11:08] ルーンへコマンドを入力しました。 
[INFO][2019/08/03 11:08] ルーン解析開始時間：08分06秒591ミリ秒 
[INFO][2019/08/03 11:08] ルーン解析終了時間：08分16秒409ミリ秒 
[INFO][2019/08/03 11:23] ルーンを発見しました。 
[INFO][2019/08/03 11:23] ルーンへコマンドを入力しました。 
[INFO][2019/08/03 11:23] ルーン解析開始時間：23分34秒426ミリ秒 
[INFO][2019/08/03 11:23] ルーン解析終了時間：23分38秒966ミリ秒 
[INFO][2019/08/03 11:31] GladeOfTheTombOfOpportunityスクリプトを開始しました。 
[INFO][2019/08/03 11:39] GladeOfTheTombOfOpportunityスクリプトを開始しました。 
[INFO][2019/08/03 11:39] ルーンを発見しました。 
[INFO][2019/08/03 11:40] ルーンのコマンド解析に失敗しました 
[INFO][2019/08/03 11:40] 範囲が検出できていないためルーン解析を終了します 
[INFO][2019/08/03 11:40] ルーンを発見しました。 
[INFO][2019/08/03 11:41] ルーンのコマンド解析に失敗しました 
[INFO][2019/08/03 11:41] 範囲が検出できていないためルーン解析を終了します 
[INFO][2019/08/03 11:41] ルーンを発見しました。 
[INFO][2019/08/03 11:41] ルーンのコマンド解析に失敗しました 
[INFO][2019/08/03 11:41] ルーンの再解析を行います 
[INFO][2019/08/03 11:41] ルーンのコマンド解析に失敗しました 
[INFO][2019/08/03 11:41] ルーンの再解析を行います 
[INFO][2019/08/03 11:41] ルーンのコマンド解析に失敗しました 
[INFO][2019/08/03 11:41] ルーンの再解析を行います 
[INFO][2019/08/03 11:41] ルーンの解析回数が最大リトライ回数3回に達しました 
[INFO][2019/08/03 11:41] ルーンを発見しました。 
[INFO][2019/08/03 11:41] ルーンのコマンド解析に失敗しました 
[INFO][2019/08/03 11:41] ルーンの再解析を行います 
[INFO][2019/08/03 11:42] ルーンのコマンド解析に失敗しました 
[INFO][2019/08/03 11:42] ルーンの再解析を行います 
[INFO][2019/08/03 11:42] ルーンのコマンド解析に失敗しました 
[INFO][2019/08/03 11:42] ルーンの再解析を行います 
[INFO][2019/08/03 11:42] ルーンの解析回数が最大リトライ回数3回に達しました 
[INFO][2019/08/03 11:42] ルーンを発見しました。 
[INFO][2019/08/03 11:42] ルーンへコマンドを入力しました。 
[INFO][2019/08/03 11:42] ルーン解析開始時間：42分29秒740ミリ秒 
[INFO][2019/08/03 11:42] ルーン解析終了時間：42分35秒365ミリ秒 
[INFO][2019/08/03 11:43] GladeOfTheTombOfOpportunityスクリプトを開始しました。 
[INFO][2019/08/03 11:46] GladeOfTheTombOfOpportunityスクリプトを開始しました。 
[INFO][2019/08/03 11:48] GladeOfTheTombOfOpportunityスクリプトを開始しました。 
[INFO][2019/08/03 11:59] ルーンを発見しました。 
[INFO][2019/08/03 11:59] ルーンのコマンド解析に失敗しました 
[INFO][2019/08/03 11:59] ルーンの再解析を行います 
[INFO][2019/08/03 11:59] ルーンのコマンド解析に失敗しました 
[INFO][2019/08/03 11:59] ルーンの再解析を行います 
[INFO][2019/08/03 11:59] ルーンのコマンド解析に失敗しました 
[INFO][2019/08/03 11:59] ルーンの再解析を行います 
[INFO][2019/08/03 11:59] ルーンの解析回数が最大リトライ回数3回に達しました 
[INFO][2019/08/03 11:59] ルーンを発見しました。 
[INFO][2019/08/03 12:00] GladeOfTheTombOfOpportunityスクリプトを開始しました。 
[INFO][2019/08/03 12:05] GladeOfTheTombOfOpportunityスクリプトを開始しました。 
[INFO][2019/08/03 12:05] GladeOfTheTombOfOpportunityスクリプトを開始しました。 
[INFO][2019/08/03 12:07] GladeOfTheTombOfOpportunityスクリプトを開始しました。 
[INFO][2019/08/03 12:08] GladeOfTheTombOfOpportunityスクリプトを開始しました。 
[INFO][2019/08/03 12:09] GladeOfTheTombOfOpportunityスクリプトを開始しました。 
[INFO][2019/08/03 12:15] ルーンを発見しました。 
[INFO][2019/08/03 12:15] ルーンのコマンド解析に失敗しました 
[INFO][2019/08/03 12:15] ルーンの再解析を行います 
[INFO][2019/08/03 12:15] ルーンへコマンドを入力しました。 
[INFO][2019/08/03 12:15] ルーン解析開始時間：15分22秒106ミリ秒 
[INFO][2019/08/03 12:15] ルーン解析終了時間：15分32秒025ミリ秒 
[INFO][2019/08/03 12:30] ルーンを発見しました。 
[INFO][2019/08/03 12:31] GladeOfTheTombOfOpportunityスクリプトを開始しました。 
[WARN][2019/08/03 12:39] プレイヤーを検知しました。 
[WARN][2019/08/03 12:39] プレイヤーを検知しました。 
[INFO][2019/08/03 12:41] GladeOfTheTombOfOpportunityスクリプトを開始しました。 
[WARN][2019/08/03 12:41] プレイヤーを検知しました。 
[WARN][2019/08/03 12:41] プレイヤーを検知しました。 
[WARN][2019/08/03 12:41] プレイヤーを検知しました。 
[WARN][2019/08/03 12:42] プレイヤーを検知しました。 
[WARN][2019/08/03 12:42] プレイヤーを検知しました。 
[WARN][2019/08/03 12:42] プレイヤーを検知しました。 
[WARN][2019/08/03 12:42] プレイヤーを検知しました。 
[WARN][2019/08/03 12:42] プレイヤーを検知しました。 
[WARN][2019/08/03 12:42] プレイヤーを検知しました。 
[WARN][2019/08/03 12:42] プレイヤーを検知しました。 
[WARN][2019/08/03 12:42] プレイヤーを検知しました。 
[WARN][2019/08/03 12:43] プレイヤーを検知しました。 
[INFO][2019/08/03 12:43] GladeOfTheTombOfOpportunityスクリプトを開始しました。 
[INFO][2019/08/03 12:48] ルーンを発見しました。 
[INFO][2019/08/03 12:48] ルーンへコマンドを入力しました。 
[INFO][2019/08/03 12:48] ルーン解析開始時間：48分27秒143ミリ秒 
[INFO][2019/08/03 12:48] ルーン解析終了時間：48分32秒729ミリ秒 
[INFO][2019/08/03 12:59] GladeOfTheTombOfOpportunityスクリプトを開始しました。 
[INFO][2019/08/03 13:03] ルーンを発見しました。 
[INFO][2019/08/03 13:03] ルーンへコマンドを入力しました。 
[INFO][2019/08/03 13:03] ルーン解析開始時間：03分46秒297ミリ秒 
[INFO][2019/08/03 13:03] ルーン解析終了時間：03分51秒748ミリ秒 
[INFO][2019/08/03 13:04] ルーンを発見しました。 
[INFO][2019/08/03 13:04] ルーンへコマンドを入力しました。 
[INFO][2019/08/03 13:04] ルーン解析開始時間：04分14秒810ミリ秒 
[INFO][2019/08/03 13:04] ルーン解析終了時間：04分20秒418ミリ秒 
[INFO][2019/08/03 13:16] GladeOfTheTombOfOpportunityスクリプトを開始しました。 
[INFO][2019/08/03 13:21] ルーンを発見しました。 
[INFO][2019/08/03 13:21] ルーンのコマンド解析に失敗しました 
[INFO][2019/08/03 13:21] ルーンの再解析を行います 
[INFO][2019/08/03 13:21] ルーンのコマンド解析に失敗しました 
[INFO][2019/08/03 13:21] ルーンの再解析を行います 
[INFO][2019/08/03 13:22] ルーンのコマンド解析に失敗しました 
[INFO][2019/08/03 13:22] ルーンの再解析を行います 
[INFO][2019/08/03 13:22] ルーンの解析回数が最大リトライ回数3回に達しました 
[INFO][2019/08/03 13:22] GladeOfTheTombOfOpportunityスクリプトを開始しました。 
[INFO][2019/08/03 13:38] ルーンを発見しました。 
[INFO][2019/08/03 13:38] ルーンへコマンドを入力しました。 
[INFO][2019/08/03 13:38] ルーン解析開始時間：38分41秒686ミリ秒 
[INFO][2019/08/03 13:38] ルーン解析終了時間：38分47秒137ミリ秒 
[INFO][2019/08/03 13:44] GladeOfTheTombOfOpportunityスクリプトを開始しました。 
[INFO][2019/08/03 13:55] ルーンを発見しました。 
[INFO][2019/08/03 13:56] ルーンへコマンドを入力しました。 
[INFO][2019/08/03 13:56] ルーン解析開始時間：55分56秒241ミリ秒 
[INFO][2019/08/03 13:56] ルーン解析終了時間：56分01秒657ミリ秒 
[INFO][2019/08/03 14:11] ルーンを発見しました。 
[INFO][2019/08/03 14:12] ルーンのコマンド解析に失敗しました 
[INFO][2019/08/03 14:12] ルーンの再解析を行います 
[INFO][2019/08/03 14:12] ルーンのコマンド解析に失敗しました 
[INFO][2019/08/03 14:12] ルーンの再解析を行います 
[INFO][2019/08/03 14:12] ルーンのコマンド解析に失敗しました 
[INFO][2019/08/03 14:12] ルーンの再解析を行います 
[INFO][2019/08/03 14:12] ルーンの解析回数が最大リトライ回数3回に達しました 
[INFO][2019/08/03 14:13] GladeOfTheTombOfOpportunityスクリプトを開始しました。 
[INFO][2019/08/03 14:27] ルーンを発見しました。 
[INFO][2019/08/03 14:28] ルーンへコマンドを入力しました。 
[INFO][2019/08/03 14:28] ルーン解析開始時間：27分56秒553ミリ秒 
[INFO][2019/08/03 14:28] ルーン解析終了時間：28分02秒046ミリ秒 
[INFO][2019/08/03 14:30] GladeOfTheTombOfOpportunityスクリプトを開始しました。 
[INFO][2019/08/03 14:31] GladeOfTheTombOfOpportunityスクリプトを開始しました。 
[INFO][2019/08/03 14:42] GladeOfTheTombOfOpportunityスクリプトを開始しました。 
[INFO][2019/08/03 14:43] ルーンを発見しました。 
[INFO][2019/08/03 14:43] ルーンのコマンド解析に失敗しました 
[INFO][2019/08/03 14:43] ルーンの再解析を行います 
[INFO][2019/08/03 14:43] ルーンのコマンド解析に失敗しました 
[INFO][2019/08/03 14:43] ルーンの再解析を行います 
[INFO][2019/08/03 14:43] ルーンのコマンド解析に失敗しました 
[INFO][2019/08/03 14:43] ルーンの再解析を行います 
[INFO][2019/08/03 14:43] ルーンの解析回数が最大リトライ回数3回に達しました 
[INFO][2019/08/03 14:43] ルーンを発見しました。 
[INFO][2019/08/03 14:44] ルーンへコマンドを入力しました。 
[INFO][2019/08/03 14:44] ルーン解析開始時間：44分05秒526ミリ秒 
[INFO][2019/08/03 14:44] ルーン解析終了時間：44分11秒132ミリ秒 
[INFO][2019/08/03 14:44] ルーンを発見しました。 
[INFO][2019/08/03 14:44] ルーンへコマンドを入力しました。 
[INFO][2019/08/03 14:44] ルーン解析開始時間：44分28秒913ミリ秒 
[INFO][2019/08/03 14:44] ルーン解析終了時間：44分34秒495ミリ秒 
[INFO][2019/08/03 14:58] GladeOfTheTombOfOpportunityスクリプトを開始しました。 
[INFO][2019/08/03 14:59] ルーンを発見しました。 
[INFO][2019/08/03 15:00] ルーンのコマンド解析に失敗しました 
[INFO][2019/08/03 15:00] ルーンの再解析を行います 
[INFO][2019/08/03 15:00] ルーンのコマンド解析に失敗しました 
[INFO][2019/08/03 15:00] ルーンの再解析を行います 
[INFO][2019/08/03 15:00] ルーンのコマンド解析に失敗しました 
[INFO][2019/08/03 15:00] ルーンの再解析を行います 
[INFO][2019/08/03 15:00] ルーンの解析回数が最大リトライ回数3回に達しました 
[INFO][2019/08/03 15:00] ルーンを発見しました。 
[INFO][2019/08/03 15:00] GladeOfTheTombOfOpportunityスクリプトを開始しました。 
[INFO][2019/08/03 15:03] GladeOfTheTombOfOpportunityスクリプトを開始しました。 
[INFO][2019/08/03 15:16] ルーンを発見しました。 
[INFO][2019/08/03 15:16] ルーンのコマンド解析に失敗しました 
[INFO][2019/08/03 15:16] ルーンの再解析を行います 
[INFO][2019/08/03 15:16] ルーンのコマンド解析に失敗しました 
[INFO][2019/08/03 15:16] ルーンの再解析を行います 
[INFO][2019/08/03 15:16] GladeOfTheTombOfOpportunityスクリプトを開始しました。 
[INFO][2019/08/03 15:18] GladeOfTheTombOfOpportunityスクリプトを開始しました。 
[INFO][2019/08/03 15:31] ルーンを発見しました。 
[INFO][2019/08/03 15:32] ルーンのコマンド解析に失敗しました 
[INFO][2019/08/03 15:32] ルーンの再解析を行います 
[INFO][2019/08/03 15:32] ルーンのコマンド解析に失敗しました 
[INFO][2019/08/03 15:32] ルーンの再解析を行います 
[INFO][2019/08/03 15:32] ルーンのコマンド解析に失敗しました 
[INFO][2019/08/03 15:32] ルーンの再解析を行います 
[INFO][2019/08/03 15:32] ルーンの解析回数が最大リトライ回数3回に達しました 
[INFO][2019/08/03 15:46] GladeOfTheTombOfOpportunityスクリプトを開始しました。 
[INFO][2019/08/03 15:47] GladeOfTheTombOfOpportunityスクリプトを開始しました。 
[INFO][2019/08/03 15:48] GladeOfTheTombOfOpportunityスクリプトを開始しました。 
[INFO][2019/08/03 15:48] ルーンを発見しました。 
[INFO][2019/08/03 15:49] ルーンへコマンドを入力しました。 
[INFO][2019/08/03 15:49] ルーン解析開始時間：49分07秒872ミリ秒 
[INFO][2019/08/03 15:49] ルーン解析終了時間：49分13秒238ミリ秒 
[INFO][2019/08/03 15:50] GladeOfTheTombOfOpportunityスクリプトを開始しました。 
[INFO][2019/08/03 15:55] GladeOfTheTombOfOpportunityスクリプトを開始しました。 
[INFO][2019/08/03 16:06] ルーンを発見しました。 
[INFO][2019/08/03 16:06] GladeOfTheTombOfOpportunityスクリプトを開始しました。 
[INFO][2019/08/03 16:24] GladeOfTheTombOfOpportunityスクリプトを開始しました。 
[INFO][2019/08/03 16:25] ルーンを発見しました。 
[INFO][2019/08/03 16:25] ルーンのコマンド解析に失敗しました 
[INFO][2019/08/03 16:25] 範囲が検出できていないためルーン解析を終了します 
[INFO][2019/08/03 16:25] ルーンを発見しました。 
[INFO][2019/08/03 16:25] ルーンのコマンド解析に失敗しました 
[INFO][2019/08/03 16:25] ルーンの再解析を行います 
[INFO][2019/08/03 16:26] ルーンのコマンド解析に失敗しました 
[INFO][2019/08/03 16:26] ルーンの再解析を行います 
[INFO][2019/08/03 16:26] ルーンのコマンド解析に失敗しました 
[INFO][2019/08/03 16:26] ルーンの再解析を行います 
[INFO][2019/08/03 16:26] ルーンの解析回数が最大リトライ回数3回に達しました 
[INFO][2019/08/03 16:26] ルーンを発見しました。 
[INFO][2019/08/03 16:26] ルーンへコマンドを入力しました。 
[INFO][2019/08/03 16:26] ルーン解析開始時間：26分23秒025ミリ秒 
[INFO][2019/08/03 16:26] ルーン解析終了時間：26分28秒474ミリ秒 
[INFO][2019/08/03 16:42] ルーンを発見しました。 
[WARN][2019/08/03 16:42] 緑点を発見しました。スクリプトを終了します。 
[INFO][2019/08/03 16:53] 安息洞窟下スクリプトを開始しました。 
[INFO][2019/08/03 16:53] 安息洞窟下スクリプトを開始しました。 
[INFO][2019/08/03 17:02] ルーンを発見しました。 
[INFO][2019/08/03 17:03] ルーンへコマンドを入力しました。 
[INFO][2019/08/03 17:03] ルーン解析開始時間：03分01秒356ミリ秒 
[INFO][2019/08/03 17:03] ルーン解析終了時間：03分06秒859ミリ秒 
[INFO][2019/08/03 17:08] 安息洞窟下スクリプトを開始しました。 
[INFO][2019/08/03 17:14] 安息洞窟下スクリプトを開始しました。 
[INFO][2019/08/03 17:17] 安息洞窟下スクリプトを開始しました。 
[INFO][2019/08/03 17:24] 安息洞窟下スクリプトを開始しました。 
[INFO][2019/08/03 17:37] 安息洞窟下スクリプトを開始しました。 
[INFO][2019/08/03 17:40] ルーンを発見しました。 
[INFO][2019/08/03 17:41] 安息洞窟下スクリプトを開始しました。 
[INFO][2019/08/03 17:58] ルーンを発見しました。 
[INFO][2019/08/03 17:58] 安息洞窟下スクリプトを開始しました。 
[INFO][2019/08/03 18:03] 安息洞窟下スクリプトを開始しました。 
[INFO][2019/08/03 18:09] 安息洞窟下スクリプトを開始しました。 
[INFO][2019/08/03 18:14] 安息洞窟下スクリプトを開始しました。 
[INFO][2019/08/03 18:30] ルーンを発見しました。 
[INFO][2019/08/03 18:30] ルーンへコマンドを入力しました。 
[INFO][2019/08/03 18:30] ルーン解析開始時間：30分29秒832ミリ秒 
[INFO][2019/08/03 18:30] ルーン解析終了時間：30分35秒255ミリ秒 
[INFO][2019/08/03 18:38] 安息洞窟下スクリプトを開始しました。 
[INFO][2019/08/03 18:48] ルーンを発見しました。 
[INFO][2019/08/03 18:49] 安息洞窟下スクリプトを開始しました。 
[INFO][2019/08/03 19:04] ルーンを発見しました。 
[INFO][2019/08/03 19:05] ルーンのコマンド解析に失敗しました 
[INFO][2019/08/03 19:05] 範囲が検出できていないためルーン解析を終了します 
[INFO][2019/08/03 19:27] 安息洞窟下スクリプトを開始しました。 
[INFO][2019/08/03 19:27] 安息洞窟下スクリプトを開始しました。 
[INFO][2019/08/03 19:28] ルーンを発見しました。 
[INFO][2019/08/03 19:29] 安息洞窟下スクリプトを開始しました。 
[INFO][2019/08/03 19:39] 安息洞窟下スクリプトを開始しました。 
[INFO][2019/08/03 19:45] 安息洞窟下スクリプトを開始しました。 
[INFO][2019/08/03 19:46] 安息洞窟下スクリプトを開始しました。 
[INFO][2019/08/03 19:50] 安息洞窟下スクリプトを開始しました。 
[INFO][2019/08/03 19:50] 安息洞窟下スクリプトを開始しました。 
[INFO][2019/08/03 20:05] 安息洞窟下スクリプトを開始しました。 
[INFO][2019/08/03 20:06] 安息洞窟下スクリプトを開始しました。 
[INFO][2019/08/03 20:15] 安息洞窟下スクリプトを開始しました。 
[INFO][2019/08/03 20:24] 安息洞窟下スクリプトを開始しました。 
[INFO][2019/08/03 20:39] ルーンを発見しました。 
[INFO][2019/08/03 20:40] ルーンのコマンド解析に失敗しました 
[INFO][2019/08/03 20:40] 範囲が検出できていないためルーン解析を終了します 
[INFO][2019/08/03 20:40] ルーンを発見しました。 
[INFO][2019/08/03 20:40] ルーンへコマンドを入力しました。 
[INFO][2019/08/03 20:40] ルーン解析開始時間：40分32秒128ミリ秒 
[INFO][2019/08/03 20:40] ルーン解析終了時間：40分37秒375ミリ秒 
[INFO][2019/08/03 20:51] 安息洞窟下スクリプトを開始しました。 
[INFO][2019/08/03 21:00] 安息洞窟下スクリプトを開始しました。 
[INFO][2019/08/03 21:15] ルーンを発見しました。 
[INFO][2019/08/03 21:15] ルーンへコマンドを入力しました。 
[INFO][2019/08/03 21:15] ルーン解析開始時間：15分44秒355ミリ秒 
[INFO][2019/08/03 21:15] ルーン解析終了時間：15分49秒516ミリ秒 
[INFO][2019/08/03 21:32] 安息洞窟下スクリプトを開始しました。 
[INFO][2019/08/03 21:45] 安息洞窟下スクリプトを開始しました。 
[INFO][2019/08/03 21:47] ルーンを発見しました。 
[INFO][2019/08/03 21:47] ルーンのコマンド解析に失敗しました 
[INFO][2019/08/03 21:47] 範囲が検出できていないためルーン解析を終了します 
[INFO][2019/08/03 21:48] ルーンを発見しました。 
[INFO][2019/08/03 21:49] 安息洞窟下スクリプトを開始しました。 
[INFO][2019/08/03 22:05] 安息洞窟下スクリプトを開始しました。 
[INFO][2019/08/03 22:07] ルーンを発見しました。 
[INFO][2019/08/03 22:07] ルーンのコマンド解析に失敗しました 
[INFO][2019/08/03 22:07] ルーンの再解析を行います 
[INFO][2019/08/03 22:07] ルーンのコマンド解析に失敗しました 
[INFO][2019/08/03 22:07] ルーンの再解析を行います 
[INFO][2019/08/03 22:07] ルーンのコマンド解析に失敗しました 
[INFO][2019/08/03 22:07] ルーンの再解析を行います 
[INFO][2019/08/03 22:07] ルーンの解析回数が最大リトライ回数3回に達しました 
[INFO][2019/08/03 22:07] ルーンを発見しました。 
[INFO][2019/08/03 22:07] ルーンへコマンドを入力しました。 
[INFO][2019/08/03 22:07] ルーン解析開始時間：07分47秒565ミリ秒 
[INFO][2019/08/03 22:07] ルーン解析終了時間：07分53秒100ミリ秒 
[INFO][2019/08/03 22:23] ルーンを発見しました。 
[INFO][2019/08/03 22:23] ルーンのコマンド解析に失敗しました 
[INFO][2019/08/03 22:23] ルーンの再解析を行います 
[INFO][2019/08/03 22:23] ルーンのコマンド解析に失敗しました 
[INFO][2019/08/03 22:23] ルーンの再解析を行います 
[INFO][2019/08/03 22:23] ルーンのコマンド解析に失敗しました 
[INFO][2019/08/03 22:23] ルーンの再解析を行います 
[INFO][2019/08/03 22:23] ルーンの解析回数が最大リトライ回数3回に達しました 
[INFO][2019/08/03 22:23] ルーンを発見しました。 
[INFO][2019/08/03 22:23] ルーンへコマンドを入力しました。 
[INFO][2019/08/03 22:23] ルーン解析開始時間：23分46秒512ミリ秒 
[INFO][2019/08/03 22:23] ルーン解析終了時間：23分51秒785ミリ秒 
[INFO][2019/08/03 22:39] ルーンを発見しました。 
[INFO][2019/08/03 22:39] ルーンのコマンド解析に失敗しました 
[INFO][2019/08/03 22:39] 範囲が検出できていないためルーン解析を終了します 
[INFO][2019/08/03 22:39] ルーンを発見しました。 
[INFO][2019/08/03 22:40] 安息洞窟下スクリプトを開始しました。 
[INFO][2019/08/03 22:52] 安息洞窟下スクリプトを開始しました。 
[INFO][2019/08/03 22:55] ルーンを発見しました。 
[INFO][2019/08/04 09:28] 安息洞窟下スクリプトを開始しました。 
[INFO][2019/08/04 09:29] 安息洞窟下スクリプトを開始しました。 
[INFO][2019/08/04 09:31] ルーンを発見しました。 
[INFO][2019/08/04 09:32] 安息洞窟下スクリプトを開始しました。 
[INFO][2019/08/04 09:47] 安息洞窟下スクリプトを開始しました。 
[INFO][2019/08/04 09:58] 安息洞窟下スクリプトを開始しました。 
[INFO][2019/08/04 10:04] 安息洞窟下スクリプトを開始しました。 
[INFO][2019/08/04 10:20] ルーンを発見しました。 
[INFO][2019/08/04 10:20] 安息洞窟下スクリプトを開始しました。 
[INFO][2019/08/04 10:35] ルーンを発見しました。 
[INFO][2019/08/04 10:36] ルーンのコマンド解析に失敗しました 
[INFO][2019/08/04 10:36] ルーンの再解析を行います 
[INFO][2019/08/04 10:36] ルーンのコマンド解析に失敗しました 
[INFO][2019/08/04 10:36] ルーンの再解析を行います 
[INFO][2019/08/04 10:36] ルーンのコマンド解析に失敗しました 
[INFO][2019/08/04 10:36] ルーンの再解析を行います 
[INFO][2019/08/04 10:36] ルーンの解析回数が最大リトライ回数3回に達しました 
[INFO][2019/08/04 10:51] ルーンを発見しました。 
[INFO][2019/08/04 10:51] ルーンのコマンド解析に失敗しました 
[INFO][2019/08/04 10:51] ルーンの再解析を行います 
[INFO][2019/08/04 10:51] ルーンのコマンド解析に失敗しました 
[INFO][2019/08/04 10:51] ルーンの再解析を行います 
[INFO][2019/08/04 10:51] ルーンのコマンド解析に失敗しました 
[INFO][2019/08/04 10:51] ルーンの再解析を行います 
[INFO][2019/08/04 10:51] ルーンの解析回数が最大リトライ回数3回に達しました 
[INFO][2019/08/04 11:06] ルーンを発見しました。 
[INFO][2019/08/04 11:07] ルーンのコマンド解析に失敗しました 
[INFO][2019/08/04 11:07] 範囲が検出できていないためルーン解析を終了します 
[INFO][2019/08/04 11:09] 安息洞窟下スクリプトを開始しました。 
[INFO][2019/08/04 11:22] 安息洞窟下スクリプトを開始しました。 
[INFO][2019/08/04 11:30] 安息洞窟下スクリプトを開始しました。 
[INFO][2019/08/04 11:30] 安息洞窟下スクリプトを開始しました。 
[INFO][2019/08/04 11:31] 安息洞窟下スクリプトを開始しました。 
[INFO][2019/08/04 11:38] 安息洞窟下スクリプトを開始しました。 
[INFO][2019/08/04 11:43] 安息洞窟下スクリプトを開始しました。 
[INFO][2019/08/04 11:46] 安息洞窟下スクリプトを開始しました。 
[INFO][2019/08/04 11:53] ルーンを発見しました。 
[INFO][2019/08/04 11:53] ルーンのコマンド解析に失敗しました 
[INFO][2019/08/04 11:53] ルーンの再解析を行います 
[INFO][2019/08/04 11:53] ルーンへコマンドを入力しました。 
[INFO][2019/08/04 11:53] ルーン解析開始時間：53分35秒546ミリ秒 
[INFO][2019/08/04 11:53] ルーン解析終了時間：53分45秒950ミリ秒 
[INFO][2019/08/04 12:09] 安息洞窟下スクリプトを開始しました。 
[INFO][2019/08/04 12:11] 安息洞窟下スクリプトを開始しました。 
[INFO][2019/08/04 12:12] ルーンを発見しました。 
[INFO][2019/08/04 12:12] ルーンへコマンドを入力しました。 
[INFO][2019/08/04 12:12] ルーン解析開始時間：12分34秒523ミリ秒 
[INFO][2019/08/04 12:12] ルーン解析終了時間：12分39秒473ミリ秒 
[INFO][2019/08/04 12:15] 安息洞窟下スクリプトを開始しました。 
[INFO][2019/08/04 12:16] 安息洞窟下スクリプトを開始しました。 
[INFO][2019/08/04 12:17] 安息洞窟下スクリプトを開始しました。 
[INFO][2019/08/04 12:29] 安息洞窟下スクリプトを開始しました。 
[INFO][2019/08/04 12:34] 安息洞窟下スクリプトを開始しました。 
[INFO][2019/08/04 12:34] ルーンを発見しました。 
[INFO][2019/08/04 12:35] 安息洞窟下スクリプトを開始しました。 
[WARN][2019/08/04 12:40] 緑点を発見しました。スクリプトを終了します。 
[INFO][2019/08/04 12:43] 安息洞窟下スクリプトを開始しました。 
[INFO][2019/08/04 12:43] 安息洞窟下スクリプトを開始しました。 
[INFO][2019/08/04 12:50] ルーンを発見しました。 
[INFO][2019/08/04 12:50] ルーンへコマンドを入力しました。 
[INFO][2019/08/04 12:50] ルーン解析開始時間：50分47秒219ミリ秒 
[INFO][2019/08/04 12:50] ルーン解析終了時間：50分52秒098ミリ秒 
[INFO][2019/08/04 12:59] 安息洞窟下スクリプトを開始しました。 
[INFO][2019/08/04 13:06] ルーンを発見しました。 
[INFO][2019/08/04 13:07] ルーンへコマンドを入力しました。 
[INFO][2019/08/04 13:07] ルーン解析開始時間：06分44秒109ミリ秒 
[INFO][2019/08/04 13:07] ルーン解析終了時間：07分02秒371ミリ秒 
[INFO][2019/08/04 13:07] ルーンを発見しました。 
[INFO][2019/08/04 13:07] 安息洞窟下スクリプトを開始しました。 
[INFO][2019/08/04 13:11] 安息洞窟下スクリプトを開始しました。 
[INFO][2019/08/04 13:19] 安息洞窟下スクリプトを開始しました。 
[INFO][2019/08/04 13:22] 安息洞窟下スクリプトを開始しました。 
[INFO][2019/08/04 13:23] ルーンを発見しました。 
[INFO][2019/08/04 13:23] 安息洞窟下スクリプトを開始しました。 
[INFO][2019/08/04 13:34] 安息洞窟下スクリプトを開始しました。 
[INFO][2019/08/04 13:36] 安息洞窟下スクリプトを開始しました。 
[INFO][2019/08/04 13:39] 安息洞窟下スクリプトを開始しました。 
[INFO][2019/08/04 13:50] 安息洞窟下スクリプトを開始しました。 
[INFO][2019/08/04 13:53] 安息洞窟下スクリプトを開始しました。 
[INFO][2019/08/04 13:55] 安息洞窟下スクリプトを開始しました。 
[INFO][2019/08/04 13:55] ルーンを発見しました。 
[INFO][2019/08/04 13:56] 安息洞窟下スクリプトを開始しました。 
[INFO][2019/08/04 14:11] 安息洞窟下スクリプトを開始しました。 
[INFO][2019/08/04 14:27] 安息洞窟下スクリプトを開始しました。 
[INFO][2019/08/04 14:28] ルーンを発見しました。 
[INFO][2019/08/04 14:28] ルーンのコマンド解析に失敗しました 
[INFO][2019/08/04 14:28] 範囲が検出できていないためルーン解析を終了します 
[INFO][2019/08/04 14:28] ルーンを発見しました。 
[INFO][2019/08/04 14:28] ルーンのコマンド解析に失敗しました 
[INFO][2019/08/04 14:28] ルーンの再解析を行います 
[INFO][2019/08/04 14:29] ルーンのコマンド解析に失敗しました 
[INFO][2019/08/04 14:29] ルーンの再解析を行います 
[INFO][2019/08/04 14:29] ルーンのコマンド解析に失敗しました 
[INFO][2019/08/04 14:29] ルーンの再解析を行います 
[INFO][2019/08/04 14:29] ルーンの解析回数が最大リトライ回数3回に達しました 
[INFO][2019/08/04 14:29] ルーンを発見しました。 
[INFO][2019/08/04 14:29] ルーンのコマンド解析に失敗しました 
[INFO][2019/08/04 14:29] 範囲が検出できていないためルーン解析を終了します 
[INFO][2019/08/04 14:29] ルーンを発見しました。 
[INFO][2019/08/04 14:30] ルーンのコマンド解析に失敗しました 
[INFO][2019/08/04 14:30] ルーンの再解析を行います 
[INFO][2019/08/04 14:30] ルーンのコマンド解析に失敗しました 
[INFO][2019/08/04 14:30] ルーンの再解析を行います 
[INFO][2019/08/04 14:30] ルーンのコマンド解析に失敗しました 
[INFO][2019/08/04 14:30] ルーンの再解析を行います 
[INFO][2019/08/04 14:30] ルーンの解析回数が最大リトライ回数3回に達しました 
[INFO][2019/08/04 14:30] ルーンを発見しました。 
[INFO][2019/08/04 14:31] ルーンのコマンド解析に失敗しました 
[INFO][2019/08/04 14:31] 範囲が検出できていないためルーン解析を終了します 
[INFO][2019/08/04 14:31] ルーンを発見しました。 
[INFO][2019/08/04 14:31] ルーンのコマンド解析に失敗しました 
[INFO][2019/08/04 14:31] 範囲が検出できていないためルーン解析を終了します 
[INFO][2019/08/04 14:31] ルーンを発見しました。 
[INFO][2019/08/04 14:32] ルーンのコマンド解析に失敗しました 
[INFO][2019/08/04 14:32] 範囲が検出できていないためルーン解析を終了します 
[INFO][2019/08/04 14:32] ルーンを発見しました。 
[INFO][2019/08/04 14:32] ルーンへコマンドを入力しました。 
[INFO][2019/08/04 14:32] ルーン解析開始時間：32分35秒758ミリ秒 
[INFO][2019/08/04 14:32] ルーン解析終了時間：32分40秒959ミリ秒 
[INFO][2019/08/04 14:47] ルーンを発見しました。 
[INFO][2019/08/04 14:47] ルーンのコマンド解析に失敗しました 
[INFO][2019/08/04 14:47] ルーンの再解析を行います 
[INFO][2019/08/04 14:48] ルーンのコマンド解析に失敗しました 
[INFO][2019/08/04 14:48] ルーンの再解析を行います 
[INFO][2019/08/04 14:48] ルーンのコマンド解析に失敗しました 
[INFO][2019/08/04 14:48] ルーンの再解析を行います 
[INFO][2019/08/04 14:48] ルーンの解析回数が最大リトライ回数3回に達しました 
[INFO][2019/08/04 14:48] ルーンを発見しました。 
[INFO][2019/08/04 14:48] ルーンのコマンド解析に失敗しました 
[INFO][2019/08/04 14:48] 範囲が検出できていないためルーン解析を終了します 
[INFO][2019/08/04 14:48] ルーンを発見しました。 
[INFO][2019/08/04 14:49] ルーンのコマンド解析に失敗しました 
[INFO][2019/08/04 14:49] 範囲が検出できていないためルーン解析を終了します 
[INFO][2019/08/04 14:49] ルーンを発見しました。 
[INFO][2019/08/04 14:50] ルーンのコマンド解析に失敗しました 
[INFO][2019/08/04 14:50] 範囲が検出できていないためルーン解析を終了します 
[INFO][2019/08/04 14:50] ルーンを発見しました。 
[INFO][2019/08/04 14:50] ReposeOfTheCaveスクリプトを開始しました。 
[INFO][2019/08/04 14:50] ReposeOfTheCaveスクリプトを開始しました。 
